<?xml version="1.0" encoding="UTF-8"?>
<testng-results skipped="0" failed="0" ignored="0" total="6" passed="6">
  <reporter-output>
  </reporter-output>
  <suite name="Command line suite" duration-ms="79" started-at="2020-07-15T02:49:03Z" finished-at="2020-07-15T02:49:03Z">
    <groups>
    </groups>
    <test name="Command line test" duration-ms="79" started-at="2020-07-15T02:49:03Z" finished-at="2020-07-15T02:49:03Z">
      <class name="qaclickacademy.Mavenjava.AppiumTest">
        <test-method status="PASS" signature="IOSApps()[pri:0, instance:qaclickacademy.Mavenjava.AppiumTest@1a407d53]" name="IOSApps" duration-ms="16" started-at="2020-07-15T08:19:03Z" finished-at="2020-07-15T08:19:03Z">
          <reporter-output>
          </reporter-output>
        </test-method> <!-- IOSApps -->
        <test-method status="PASS" signature="NativeAPpAndroid()[pri:0, instance:qaclickacademy.Mavenjava.AppiumTest@1a407d53]" name="NativeAPpAndroid" duration-ms="0" started-at="2020-07-15T08:19:03Z" finished-at="2020-07-15T08:19:03Z">
          <reporter-output>
          </reporter-output>
        </test-method> <!-- NativeAPpAndroid -->
      </class> <!-- qaclickacademy.Mavenjava.AppiumTest -->
      <class name="qaclickacademy.Mavenjava.RESTAPITest">
        <test-method status="PASS" signature="deleteTwitter()[pri:0, instance:qaclickacademy.Mavenjava.RESTAPITest@21bcffb5]" name="deleteTwitter" duration-ms="0" started-at="2020-07-15T08:19:03Z" finished-at="2020-07-15T08:19:03Z">
          <reporter-output>
          </reporter-output>
        </test-method> <!-- deleteTwitter -->
        <test-method status="PASS" signature="postJira()[pri:0, instance:qaclickacademy.Mavenjava.RESTAPITest@21bcffb5]" name="postJira" duration-ms="1" started-at="2020-07-15T08:19:03Z" finished-at="2020-07-15T08:19:03Z">
          <reporter-output>
          </reporter-output>
        </test-method> <!-- postJira -->
      </class> <!-- qaclickacademy.Mavenjava.RESTAPITest -->
      <class name="qaclickacademy.Mavenjava.SeleniumTest">
        <test-method status="PASS" signature="BrowserAUtomation()[pri:0, instance:qaclickacademy.Mavenjava.SeleniumTest@380fb434]" name="BrowserAUtomation" duration-ms="0" started-at="2020-07-15T08:19:03Z" finished-at="2020-07-15T08:19:03Z">
          <reporter-output>
          </reporter-output>
        </test-method> <!-- BrowserAUtomation -->
        <test-method status="PASS" signature="elementsUi()[pri:0, instance:qaclickacademy.Mavenjava.SeleniumTest@380fb434]" name="elementsUi" duration-ms="0" started-at="2020-07-15T08:19:03Z" finished-at="2020-07-15T08:19:03Z">
          <reporter-output>
          </reporter-output>
        </test-method> <!-- elementsUi -->
      </class> <!-- qaclickacademy.Mavenjava.SeleniumTest -->
    </test> <!-- Command line test -->
  </suite> <!-- Command line suite -->
</testng-results>
