<?xml version="1.0" encoding="UTF-8"?>
<testng-results skipped="0" failed="0" total="2" passed="2">
  <reporter-output>
  </reporter-output>
  <suite name="Default suite" duration-ms="41" started-at="2020-07-14T03:11:32Z" finished-at="2020-07-14T03:11:32Z">
    <groups>
    </groups>
    <test name="Default test" duration-ms="41" started-at="2020-07-14T03:11:32Z" finished-at="2020-07-14T03:11:32Z">
      <class name="qaclickacademy.Mavenjava.RESTAPITest">
        <test-method status="PASS" signature="deleteTwitter()[pri:0, instance:qaclickacademy.Mavenjava.RESTAPITest@2344fc66]" name="deleteTwitter" duration-ms="15" started-at="2020-07-14T08:41:32Z" finished-at="2020-07-14T08:41:32Z">
          <reporter-output>
          </reporter-output>
        </test-method> <!-- deleteTwitter -->
        <test-method status="PASS" signature="postJira()[pri:0, instance:qaclickacademy.Mavenjava.RESTAPITest@2344fc66]" name="postJira" duration-ms="0" started-at="2020-07-14T08:41:32Z" finished-at="2020-07-14T08:41:32Z">
          <reporter-output>
          </reporter-output>
        </test-method> <!-- postJira -->
      </class> <!-- qaclickacademy.Mavenjava.RESTAPITest -->
    </test> <!-- Default test -->
  </suite> <!-- Default suite -->
</testng-results>
